<?xml version="1.0" encoding="UTF-8"?>
<!-- Generated by org.testng.reporters.JUnitReportReporter -->
<testsuite skipped="0" hostname="DESKTOP-LK7NIRS" name="org.restclient.GetAPI" tests="1" failures="0" timestamp="19 Mar 2020 01:07:45 GMT" time="2.294" errors="0">
  <testcase name="getApi" time="2.294" classname="org.restclient.GetAPI"/>
</testsuite> <!-- org.restclient.GetAPI -->
